<?xml version="1.0" encoding="UTF-8"?>
<!-- Generated by org.testng.reporters.JUnitXMLReporter -->
<testsuite ignored="0" hostname="DESKTOP-5NTS3GH" failures="0" tests="7" name="FeCommerce App Test Cases" time="129.784" errors="0" timestamp="2021-08-13T22:01:37 IST">
  <testcase classname="com.eCom.testcases.TC_LoginTest_001" name="logodisplay" time="0.058"/>
  <testcase classname="com.eCom.testcases.TC_LoginTest_001" name="logintest" time="8.612"/>
  <testcase classname="com.eCom.testcases.TC_Admintest_003" name="verifychkbox" time="10.158"/>
  <testcase classname="com.eCom.testcases.TC_DashboardTest_002" name="verifytitleTest" time="0.006"/>
  <testcase classname="com.eCom.testcases.TC_DashboardTest_002" name="verifyAdminTest" time="3.213"/>
  <testcase classname="com.eCom.testcases.TC_DashboardTest_002" name="veriyPim" time="2.163"/>
  <testcase classname="com.eCom.testcases.TC_DashboardTest_002" name="verifyleave" time="2.443"/>
</testsuite> <!-- FeCommerce App Test Cases -->
